[0;34m[INFO][0m 启动 WASS-RAG 全流程训练与实验...
[0;34m[INFO][0m 预计总用时: 30-60分钟

[0;34m[INFO][0m --- [阶段一] 开始：知识库播种 ---
[0;34m[INFO][0m 步骤 1/2: 从历史运行中提取启发式算法案例...
正在加载实验结果...
加载了 60 个实验
正在提取HEFT和WASS-Heuristic案例...
提取了 450 个原始案例
HEFT案例: 225
WASS-Heuristic案例: 225

真实案例知识库构建完成!
总案例数: 2000
HEFT案例: 1100
WASS-Heuristic案例: 900
平均makespan: 16.48
数据已保存到: data/heuristic_only_real_cases.json
[0;32m[SUCCESS][0m 案例提取完成，数据保存在: data/heuristic_only_real_cases.json
[0;34m[INFO][0m 步骤 2/2: 将案例更新并构建到主知识库...
=== 使用真实HEFT和WASS-Heuristic案例更新RAG知识库 ===
正在加载真实HEFT和WASS-Heuristic案例...
已加载 2000 个真实案例

真实案例知识库创建完成!
总案例数: 2000
HEFT案例: 1100
WASS-Heuristic案例: 900
数据已保存到: data/real_heuristic_kb.json
已更新RAG配置，使用新的知识库: data/real_heuristic_kb.json
训练数据集创建完成: 2000 个样本
数据已保存到: data/heuristic_training_dataset.json

=== 更新完成 ===
下一步可以运行：
1. python scripts/train_rag_wrench.py - 重新训练RAG模型
2. python run_complete_experiment.sh - 运行完整实验
[0;32m[SUCCESS][0m 主知识库构建完成: data/real_heuristic_kb.json
[0;32m[SUCCESS][0m --- [阶段一] 完成 ---

[0;34m[INFO][0m --- [阶段二] 开始：训练性能预测器 (导师) ---
[0;34m[INFO][0m 使用 data/real_heuristic_kb.json 中的数据训练性能预测器...
[0;34m[INFO][0m scripts/train_predictor_from_kb.py --kb-path data/real_heuristic_kb.json configs/predictor.yaml
数据加载完成。特征维度(任务+动作): 9, 样本数: 2000
开始训练导师模型...
Epoch [10/50], Loss: 38.3086
