🚀 开始基于WRENCH的真实WASS-RAG实验...
📁 使用模型文件: models/improved_wass_drl.pth
ℹ️ 重新构建模型以匹配checkpoint state_dim=24
ℹ️ 检测到深层结构标记 network.9.* -> 使用默认隐藏层 [256,128,64]
✅ DRL模型加载成功 (改进格式 strict)
✅ WASS-DRL调度器已强制启用
ℹ️ 重新构建模型以匹配checkpoint state_dim=24
ℹ️ 检测到深层结构标记 network.9.* -> 使用默认隐藏层 [256,128,64]
✅ DRL模型加载成功 (改进格式 strict)
✅ RAG知识库(JSON)已加载: 600 案例 (源: data/wrench_rag_knowledge_base.json)
✅ WASS-RAG调度器已启用 (知识库: data/wrench_rag_knowledge_base.pkl)
🔧 已启用调度器: ['FIFO', 'HEFT', 'WASS-Heuristic', 'WASS-DRL', 'WASS-RAG']
🚀 WRENCH实验运行器初始化完成
🔬 开始完整WRENCH实验...
调度器: ['FIFO', 'HEFT', 'WASS-Heuristic', 'WASS-DRL', 'WASS-RAG']
工作流规模: [5, 10, 15, 20]
重复次数: 3
总实验数: 60 = 5调度器 × 4任务规模 × 3次重复

📝 预生成工作流（确保公平比较）...
   生成工作流: 5个任务, 重复1
   ✅ 工作流生成成功
   生成工作流: 5个任务, 重复2
   ✅ 工作流生成成功
   生成工作流: 5个任务, 重复3
   ✅ 工作流生成成功
   生成工作流: 10个任务, 重复1
   ✅ 工作流生成成功
   生成工作流: 10个任务, 重复2
   ✅ 工作流生成成功
   生成工作流: 10个任务, 重复3
   ✅ 工作流生成成功
   生成工作流: 15个任务, 重复1
   ✅ 工作流生成成功
   生成工作流: 15个任务, 重复2
   ✅ 工作流生成成功
   生成工作流: 15个任务, 重复3
   ✅ 工作流生成成功
   生成工作流: 20个任务, 重复1
   ✅ 工作流生成成功
   生成工作流: 20个任务, 重复2
   ✅ 工作流生成成功
   生成工作流: 20个任务, 重复3
   ✅ 工作流生成成功

🚀 开始运行实验...

进度: 1/60
   工作流: 5个任务, 重复1
   调度器: FIFO
    🔬 运行实验: FIFO (工作流大小: 5)
   ✅ 完成: 4.42s

进度: 2/60
   工作流: 5个任务, 重复1
   调度器: HEFT
    🔬 运行实验: HEFT (工作流大小: 5)
   ✅ 完成: 3.66s

进度: 3/60
   工作流: 5个任务, 重复1
   调度器: WASS-Heuristic
    🔬 运行实验: WASS-Heuristic (工作流大小: 5)
   ✅ 完成: 3.97s

进度: 4/60
   工作流: 5个任务, 重复1
   调度器: WASS-DRL
    🔬 运行实验: WASS-DRL (工作流大小: 5)
   ✅ 完成: 14.00s

进度: 5/60
   工作流: 5个任务, 重复1
   调度器: WASS-RAG
    🔬 运行实验: WASS-RAG (工作流大小: 5)
🔀 融合决策: ComputeHost1 (α=0.50, β=0.33, γ=0.17)
🔀 融合决策: ComputeHost2 (α=0.50, β=0.00, γ=0.50)
🔀 融合决策: ComputeHost1 (α=0.50, β=0.33, γ=0.17)
🔀 融合决策: ComputeHost1 (α=0.50, β=0.33, γ=0.17)
🔀 融合决策: ComputeHost1 (α=0.50, β=0.00, γ=0.50)
   ✅ 完成: 9.04s

进度: 6/60
   工作流: 5个任务, 重复2
   调度器: FIFO
    🔬 运行实验: FIFO (工作流大小: 5)
   ✅ 完成: 4.65s

进度: 7/60
   工作流: 5个任务, 重复2
   调度器: HEFT
    🔬 运行实验: HEFT (工作流大小: 5)
   ✅ 完成: 3.72s

进度: 8/60
   工作流: 5个任务, 重复2
   调度器: WASS-Heuristic
    🔬 运行实验: WASS-Heuristic (工作流大小: 5)
   ✅ 完成: 4.30s

进度: 9/60
   工作流: 5个任务, 重复2
   调度器: WASS-DRL
    🔬 运行实验: WASS-DRL (工作流大小: 5)
   ✅ 完成: 17.13s

进度: 10/60
   工作流: 5个任务, 重复2
   调度器: WASS-RAG
    🔬 运行实验: WASS-RAG (工作流大小: 5)
🔀 融合决策: ComputeHost1 (α=0.50, β=0.33, γ=0.17)
🔀 融合决策: ComputeHost2 (α=0.50, β=0.00, γ=0.50)
🔀 融合决策: ComputeHost1 (α=0.50, β=0.00, γ=0.50)
🔀 融合决策: ComputeHost1 (α=0.50, β=0.33, γ=0.17)
🔀 融合决策: ComputeHost2 (α=0.50, β=0.00, γ=0.50)
   ✅ 完成: 8.42s

进度: 11/60
   工作流: 5个任务, 重复3
   调度器: FIFO
    🔬 运行实验: FIFO (工作流大小: 5)
   ✅ 完成: 3.25s

进度: 12/60
   工作流: 5个任务, 重复3
   调度器: HEFT
    🔬 运行实验: HEFT (工作流大小: 5)
   ✅ 完成: 4.04s

进度: 13/60
   工作流: 5个任务, 重复3
   调度器: WASS-Heuristic
    🔬 运行实验: WASS-Heuristic (工作流大小: 5)
   ✅ 完成: 3.16s

进度: 14/60
   工作流: 5个任务, 重复3
   调度器: WASS-DRL
    🔬 运行实验: WASS-DRL (工作流大小: 5)
   ✅ 完成: 15.02s

进度: 15/60
   工作流: 5个任务, 重复3
   调度器: WASS-RAG
    🔬 运行实验: WASS-RAG (工作流大小: 5)
🔀 融合决策: ComputeHost1 (α=0.50, β=0.33, γ=0.17)
🔀 融合决策: ComputeHost2 (α=0.50, β=0.00, γ=0.50)
🔀 融合决策: ComputeHost1 (α=0.50, β=0.33, γ=0.17)
🔀 融合决策: ComputeHost1 (α=0.50, β=0.33, γ=0.17)
🔀 融合决策: ComputeHost2 (α=0.50, β=0.00, γ=0.50)
   ✅ 完成: 7.48s

进度: 16/60
   工作流: 10个任务, 重复1
   调度器: FIFO
    🔬 运行实验: FIFO (工作流大小: 10)
   ✅ 完成: 7.04s

进度: 17/60
   工作流: 10个任务, 重复1
   调度器: HEFT
    🔬 运行实验: HEFT (工作流大小: 10)
   ✅ 完成: 6.24s

进度: 18/60
   工作流: 10个任务, 重复1
   调度器: WASS-Heuristic
    🔬 运行实验: WASS-Heuristic (工作流大小: 10)
   ✅ 完成: 5.36s

进度: 19/60
   工作流: 10个任务, 重复1
   调度器: WASS-DRL
    🔬 运行实验: WASS-DRL (工作流大小: 10)
   ✅ 完成: 26.89s

进度: 20/60
   工作流: 10个任务, 重复1
   调度器: WASS-RAG
    🔬 运行实验: WASS-RAG (工作流大小: 10)
🔀 融合决策: ComputeHost1 (α=0.50, β=0.33, γ=0.17)
🔀 融合决策: ComputeHost1 (α=0.50, β=0.33, γ=0.17)
🔀 融合决策: ComputeHost2 (α=0.50, β=0.33, γ=0.17)
🔀 融合决策: ComputeHost1 (α=0.50, β=0.33, γ=0.17)
🔀 融合决策: ComputeHost1 (α=0.50, β=0.33, γ=0.17)
🔀 融合决策: ComputeHost2 (α=0.50, β=0.00, γ=0.50)
🔀 融合决策: ComputeHost2 (α=0.50, β=0.00, γ=0.50)
🔀 融合决策: ComputeHost1 (α=0.50, β=0.33, γ=0.17)
🔀 融合决策: ComputeHost1 (α=0.50, β=0.33, γ=0.17)
🔀 融合决策: ComputeHost2 (α=0.50, β=0.00, γ=0.50)
   ✅ 完成: 11.99s

进度: 21/60
   工作流: 10个任务, 重复2
   调度器: FIFO
    🔬 运行实验: FIFO (工作流大小: 10)
   ✅ 完成: 5.68s

进度: 22/60
   工作流: 10个任务, 重复2
   调度器: HEFT
    🔬 运行实验: HEFT (工作流大小: 10)
   ✅ 完成: 6.40s

进度: 23/60
   工作流: 10个任务, 重复2
   调度器: WASS-Heuristic
    🔬 运行实验: WASS-Heuristic (工作流大小: 10)
   ✅ 完成: 6.66s

进度: 24/60
   工作流: 10个任务, 重复2
   调度器: WASS-DRL
    🔬 运行实验: WASS-DRL (工作流大小: 10)
   ✅ 完成: 28.21s

进度: 25/60
   工作流: 10个任务, 重复2
   调度器: WASS-RAG
    🔬 运行实验: WASS-RAG (工作流大小: 10)
🔀 融合决策: ComputeHost1 (α=0.50, β=0.00, γ=0.50)
🔀 融合决策: ComputeHost1 (α=0.50, β=0.33, γ=0.17)
🔀 融合决策: ComputeHost2 (α=0.50, β=0.33, γ=0.17)
🔀 融合决策: ComputeHost2 (α=0.50, β=0.33, γ=0.17)
🔀 融合决策: ComputeHost2 (α=0.50, β=0.00, γ=0.50)
🔀 融合决策: ComputeHost1 (α=0.50, β=0.33, γ=0.17)
🔀 融合决策: ComputeHost2 (α=0.50, β=0.00, γ=0.50)
🔀 融合决策: ComputeHost1 (α=0.50, β=0.00, γ=0.50)
🔀 融合决策: ComputeHost1 (α=0.50, β=0.00, γ=0.50)
🔀 融合决策: ComputeHost2 (α=0.50, β=0.33, γ=0.17)
   ✅ 完成: 15.38s

进度: 26/60
   工作流: 10个任务, 重复3
   调度器: FIFO
    🔬 运行实验: FIFO (工作流大小: 10)
   ✅ 完成: 6.27s

进度: 27/60
   工作流: 10个任务, 重复3
   调度器: HEFT
    🔬 运行实验: HEFT (工作流大小: 10)
   ✅ 完成: 6.53s

进度: 28/60
   工作流: 10个任务, 重复3
   调度器: WASS-Heuristic
    🔬 运行实验: WASS-Heuristic (工作流大小: 10)
   ✅ 完成: 6.43s

进度: 29/60
   工作流: 10个任务, 重复3
   调度器: WASS-DRL
    🔬 运行实验: WASS-DRL (工作流大小: 10)
   ✅ 完成: 30.55s

进度: 30/60
   工作流: 10个任务, 重复3
   调度器: WASS-RAG
    🔬 运行实验: WASS-RAG (工作流大小: 10)
🔀 融合决策: ComputeHost1 (α=0.50, β=0.00, γ=0.50)
🔀 融合决策: ComputeHost1 (α=0.50, β=0.33, γ=0.17)
🔀 融合决策: ComputeHost2 (α=0.50, β=0.00, γ=0.50)
🔀 融合决策: ComputeHost1 (α=0.50, β=0.33, γ=0.17)
🔀 融合决策: ComputeHost2 (α=0.50, β=0.00, γ=0.50)
🔀 融合决策: ComputeHost1 (α=0.50, β=0.33, γ=0.17)
🔀 融合决策: ComputeHost1 (α=0.50, β=0.33, γ=0.17)
🔀 融合决策: ComputeHost1 (α=0.50, β=0.33, γ=0.17)
🔀 融合决策: ComputeHost2 (α=0.50, β=0.00, γ=0.50)
🔀 融合决策: ComputeHost1 (α=0.50, β=0.00, γ=0.50)
   ✅ 完成: 17.14s

进度: 31/60
   工作流: 15个任务, 重复1
   调度器: FIFO
    🔬 运行实验: FIFO (工作流大小: 15)
   ✅ 完成: 6.15s

进度: 32/60
   工作流: 15个任务, 重复1
   调度器: HEFT
    🔬 运行实验: HEFT (工作流大小: 15)
   ✅ 完成: 5.89s

进度: 33/60
   工作流: 15个任务, 重复1
   调度器: WASS-Heuristic
    🔬 运行实验: WASS-Heuristic (工作流大小: 15)
   ✅ 完成: 5.97s

进度: 34/60
   工作流: 15个任务, 重复1
   调度器: WASS-DRL
    🔬 运行实验: WASS-DRL (工作流大小: 15)
   ✅ 完成: 32.01s

进度: 35/60
   工作流: 15个任务, 重复1
   调度器: WASS-RAG
    🔬 运行实验: WASS-RAG (工作流大小: 15)
🔀 融合决策: ComputeHost1 (α=0.50, β=0.33, γ=0.17)
🔀 融合决策: ComputeHost2 (α=0.50, β=0.00, γ=0.50)
🔀 融合决策: ComputeHost1 (α=0.50, β=0.33, γ=0.17)
🔀 融合决策: ComputeHost2 (α=0.50, β=0.00, γ=0.50)
🔀 融合决策: ComputeHost1 (α=0.50, β=0.33, γ=0.17)
🔀 融合决策: ComputeHost2 (α=0.50, β=0.33, γ=0.17)
🔀 融合决策: ComputeHost1 (α=0.50, β=0.33, γ=0.17)
🔀 融合决策: ComputeHost1 (α=0.50, β=0.33, γ=0.17)
🔀 融合决策: ComputeHost1 (α=0.50, β=0.33, γ=0.17)
🔀 融合决策: ComputeHost1 (α=0.50, β=0.33, γ=0.17)
🔀 融合决策: ComputeHost2 (α=0.50, β=0.00, γ=0.50)
🔀 融合决策: ComputeHost1 (α=0.50, β=0.33, γ=0.17)
🔀 融合决策: ComputeHost1 (α=0.50, β=0.33, γ=0.17)
🔀 融合决策: ComputeHost1 (α=0.50, β=0.00, γ=0.50)
🔀 融合决策: ComputeHost1 (α=0.50, β=0.33, γ=0.17)
   ✅ 完成: 19.59s

进度: 36/60
   工作流: 15个任务, 重复2
   调度器: FIFO
    🔬 运行实验: FIFO (工作流大小: 15)
   ✅ 完成: 10.26s

进度: 37/60
   工作流: 15个任务, 重复2
   调度器: HEFT
    🔬 运行实验: HEFT (工作流大小: 15)
   ✅ 完成: 10.17s

进度: 38/60
   工作流: 15个任务, 重复2
   调度器: WASS-Heuristic
    🔬 运行实验: WASS-Heuristic (工作流大小: 15)
   ✅ 完成: 9.45s

进度: 39/60
   工作流: 15个任务, 重复2
   调度器: WASS-DRL
    🔬 运行实验: WASS-DRL (工作流大小: 15)
   ✅ 完成: 48.83s

进度: 40/60
   工作流: 15个任务, 重复2
   调度器: WASS-RAG
    🔬 运行实验: WASS-RAG (工作流大小: 15)
🔀 融合决策: ComputeHost1 (α=0.50, β=0.33, γ=0.17)
🔀 融合决策: ComputeHost1 (α=0.50, β=0.33, γ=0.17)
🔀 融合决策: ComputeHost2 (α=0.50, β=0.33, γ=0.17)
🔀 融合决策: ComputeHost2 (α=0.50, β=0.00, γ=0.50)
🔀 融合决策: ComputeHost1 (α=0.50, β=0.00, γ=0.50)
🔀 融合决策: ComputeHost2 (α=0.50, β=0.00, γ=0.50)
🔀 融合决策: ComputeHost1 (α=0.50, β=0.00, γ=0.50)
🔀 融合决策: ComputeHost2 (α=0.50, β=0.00, γ=0.50)
🔀 融合决策: ComputeHost1 (α=0.50, β=0.00, γ=0.50)
🔀 融合决策: ComputeHost2 (α=0.50, β=0.00, γ=0.50)
🔀 融合决策: ComputeHost1 (α=0.50, β=0.33, γ=0.17)
🔀 融合决策: ComputeHost2 (α=0.50, β=0.00, γ=0.50)
🔀 融合决策: ComputeHost1 (α=0.50, β=0.33, γ=0.17)
🔀 融合决策: ComputeHost1 (α=0.50, β=0.33, γ=0.17)
🔀 融合决策: ComputeHost1 (α=0.50, β=0.33, γ=0.17)
   ✅ 完成: 27.58s

进度: 41/60
   工作流: 15个任务, 重复3
   调度器: FIFO
    🔬 运行实验: FIFO (工作流大小: 15)
   ✅ 完成: 7.80s

进度: 42/60
   工作流: 15个任务, 重复3
   调度器: HEFT
    🔬 运行实验: HEFT (工作流大小: 15)
   ✅ 完成: 8.00s

进度: 43/60
   工作流: 15个任务, 重复3
   调度器: WASS-Heuristic
    🔬 运行实验: WASS-Heuristic (工作流大小: 15)
   ✅ 完成: 7.48s

进度: 44/60
   工作流: 15个任务, 重复3
   调度器: WASS-DRL
    🔬 运行实验: WASS-DRL (工作流大小: 15)
   ✅ 完成: 39.07s

进度: 45/60
   工作流: 15个任务, 重复3
   调度器: WASS-RAG
    🔬 运行实验: WASS-RAG (工作流大小: 15)
🔀 融合决策: ComputeHost1 (α=0.50, β=0.00, γ=0.50)
🔀 融合决策: ComputeHost2 (α=0.50, β=0.33, γ=0.17)
🔀 融合决策: ComputeHost2 (α=0.50, β=0.33, γ=0.17)
🔀 融合决策: ComputeHost1 (α=0.50, β=0.33, γ=0.17)
🔀 融合决策: ComputeHost1 (α=0.50, β=0.33, γ=0.17)
🔀 融合决策: ComputeHost2 (α=0.50, β=0.00, γ=0.50)
🔀 融合决策: ComputeHost2 (α=0.50, β=0.33, γ=0.17)
🔀 融合决策: ComputeHost1 (α=0.50, β=0.33, γ=0.17)
🔀 融合决策: ComputeHost2 (α=0.50, β=0.00, γ=0.50)
🔀 融合决策: ComputeHost1 (α=0.50, β=0.33, γ=0.17)
🔀 融合决策: ComputeHost1 (α=0.50, β=0.33, γ=0.17)
🔀 融合决策: ComputeHost1 (α=0.50, β=0.33, γ=0.17)
🔀 融合决策: ComputeHost2 (α=0.50, β=0.00, γ=0.50)
🔀 融合决策: ComputeHost2 (α=0.50, β=0.00, γ=0.50)
🔀 融合决策: ComputeHost1 (α=0.50, β=0.33, γ=0.17)
   ✅ 完成: 20.13s

进度: 46/60
   工作流: 20个任务, 重复1
   调度器: FIFO
    🔬 运行实验: FIFO (工作流大小: 20)
   ✅ 完成: 11.37s

进度: 47/60
   工作流: 20个任务, 重复1
   调度器: HEFT
    🔬 运行实验: HEFT (工作流大小: 20)
   ✅ 完成: 10.38s

进度: 48/60
   工作流: 20个任务, 重复1
   调度器: WASS-Heuristic
    🔬 运行实验: WASS-Heuristic (工作流大小: 20)
   ✅ 完成: 9.66s

进度: 49/60
   工作流: 20个任务, 重复1
   调度器: WASS-DRL
    🔬 运行实验: WASS-DRL (工作流大小: 20)
   ✅ 完成: 51.87s

进度: 50/60
   工作流: 20个任务, 重复1
   调度器: WASS-RAG
    🔬 运行实验: WASS-RAG (工作流大小: 20)
🔀 融合决策: ComputeHost1 (α=0.50, β=0.33, γ=0.17)
🔀 融合决策: ComputeHost2 (α=0.50, β=0.00, γ=0.50)
🔀 融合决策: ComputeHost1 (α=0.50, β=0.33, γ=0.17)
🔀 融合决策: ComputeHost1 (α=0.50, β=0.33, γ=0.17)
🔀 融合决策: ComputeHost2 (α=0.50, β=0.00, γ=0.50)
🔀 融合决策: ComputeHost1 (α=0.50, β=0.33, γ=0.17)
🔀 融合决策: ComputeHost1 (α=0.50, β=0.33, γ=0.17)
🔀 融合决策: ComputeHost1 (α=0.50, β=0.33, γ=0.17)
🔀 融合决策: ComputeHost1 (α=0.50, β=0.33, γ=0.17)
🔀 融合决策: ComputeHost1 (α=0.50, β=0.33, γ=0.17)
🔀 融合决策: ComputeHost2 (α=0.50, β=0.33, γ=0.17)
🔀 融合决策: ComputeHost2 (α=0.50, β=0.00, γ=0.50)
🔀 融合决策: ComputeHost2 (α=0.50, β=0.00, γ=0.50)
🔀 融合决策: ComputeHost1 (α=0.50, β=0.00, γ=0.50)
🔀 融合决策: ComputeHost1 (α=0.50, β=0.33, γ=0.17)
🔀 融合决策: ComputeHost1 (α=0.50, β=0.33, γ=0.17)
🔀 融合决策: ComputeHost1 (α=0.50, β=0.33, γ=0.17)
🔀 融合决策: ComputeHost2 (α=0.50, β=0.33, γ=0.17)
🔀 融合决策: ComputeHost2 (α=0.50, β=0.00, γ=0.50)
🔀 融合决策: ComputeHost1 (α=0.50, β=0.33, γ=0.17)
   ✅ 完成: 26.97s

进度: 51/60
   工作流: 20个任务, 重复2
   调度器: FIFO
    🔬 运行实验: FIFO (工作流大小: 20)
   ✅ 完成: 10.87s

进度: 52/60
   工作流: 20个任务, 重复2
   调度器: HEFT
    🔬 运行实验: HEFT (工作流大小: 20)
   ✅ 完成: 10.69s

进度: 53/60
   工作流: 20个任务, 重复2
   调度器: WASS-Heuristic
    🔬 运行实验: WASS-Heuristic (工作流大小: 20)
   ✅ 完成: 10.95s

进度: 54/60
   工作流: 20个任务, 重复2
   调度器: WASS-DRL
    🔬 运行实验: WASS-DRL (工作流大小: 20)
   ✅ 完成: 56.24s

进度: 55/60
   工作流: 20个任务, 重复2
   调度器: WASS-RAG
    🔬 运行实验: WASS-RAG (工作流大小: 20)
🔀 融合决策: ComputeHost1 (α=0.50, β=0.00, γ=0.50)
🔀 融合决策: ComputeHost2 (α=0.50, β=0.33, γ=0.17)
🔀 融合决策: ComputeHost1 (α=0.50, β=0.33, γ=0.17)
🔀 融合决策: ComputeHost1 (α=0.50, β=0.33, γ=0.17)
🔀 融合决策: ComputeHost1 (α=0.50, β=0.33, γ=0.17)
🔀 融合决策: ComputeHost2 (α=0.50, β=0.00, γ=0.50)
🔀 融合决策: ComputeHost1 (α=0.50, β=0.33, γ=0.17)
🔀 融合决策: ComputeHost2 (α=0.50, β=0.00, γ=0.50)
🔀 融合决策: ComputeHost1 (α=0.50, β=0.33, γ=0.17)
🔀 融合决策: ComputeHost1 (α=0.50, β=0.33, γ=0.17)
🔀 融合决策: ComputeHost1 (α=0.50, β=0.33, γ=0.17)
🔀 融合决策: ComputeHost2 (α=0.50, β=0.33, γ=0.17)
🔀 融合决策: ComputeHost2 (α=0.50, β=0.00, γ=0.50)
🔀 融合决策: ComputeHost1 (α=0.50, β=0.33, γ=0.17)
🔀 融合决策: ComputeHost1 (α=0.50, β=0.33, γ=0.17)
🔀 融合决策: ComputeHost1 (α=0.50, β=0.33, γ=0.17)
🔀 融合决策: ComputeHost1 (α=0.50, β=0.33, γ=0.17)
🔀 融合决策: ComputeHost2 (α=0.50, β=0.00, γ=0.50)
🔀 融合决策: ComputeHost2 (α=0.50, β=0.00, γ=0.50)
🔀 融合决策: ComputeHost1 (α=0.50, β=0.33, γ=0.17)
   ✅ 完成: 31.46s

进度: 56/60
   工作流: 20个任务, 重复3
   调度器: FIFO
    🔬 运行实验: FIFO (工作流大小: 20)
   ✅ 完成: 9.69s

进度: 57/60
   工作流: 20个任务, 重复3
   调度器: HEFT
    🔬 运行实验: HEFT (工作流大小: 20)
   ✅ 完成: 10.57s

进度: 58/60
   工作流: 20个任务, 重复3
   调度器: WASS-Heuristic
    🔬 运行实验: WASS-Heuristic (工作流大小: 20)
   ✅ 完成: 9.87s

进度: 59/60
   工作流: 20个任务, 重复3
   调度器: WASS-DRL
    🔬 运行实验: WASS-DRL (工作流大小: 20)
   ✅ 完成: 53.48s

进度: 60/60
   工作流: 20个任务, 重复3
   调度器: WASS-RAG
    🔬 运行实验: WASS-RAG (工作流大小: 20)
🔀 融合决策: ComputeHost1 (α=0.50, β=0.33, γ=0.17)
🔀 融合决策: ComputeHost1 (α=0.50, β=0.33, γ=0.17)
🔀 融合决策: ComputeHost2 (α=0.50, β=0.33, γ=0.17)
🔀 融合决策: ComputeHost1 (α=0.50, β=0.33, γ=0.17)
🔀 融合决策: ComputeHost1 (α=0.50, β=0.33, γ=0.17)
🔀 融合决策: ComputeHost2 (α=0.50, β=0.00, γ=0.50)
🔀 融合决策: ComputeHost2 (α=0.50, β=0.33, γ=0.17)
🔀 融合决策: ComputeHost1 (α=0.50, β=0.33, γ=0.17)
🔀 融合决策: ComputeHost2 (α=0.50, β=0.00, γ=0.50)
🔀 融合决策: ComputeHost1 (α=0.50, β=0.33, γ=0.17)
🔀 融合决策: ComputeHost1 (α=0.50, β=0.33, γ=0.17)
🔀 融合决策: ComputeHost1 (α=0.50, β=0.33, γ=0.17)
🔀 融合决策: ComputeHost2 (α=0.50, β=0.00, γ=0.50)
🔀 融合决策: ComputeHost1 (α=0.50, β=0.33, γ=0.17)
🔀 融合决策: ComputeHost1 (α=0.50, β=0.33, γ=0.17)
🔀 融合决策: ComputeHost1 (α=0.50, β=0.33, γ=0.17)
🔀 融合决策: ComputeHost2 (α=0.50, β=0.00, γ=0.50)
🔀 融合决策: ComputeHost2 (α=0.50, β=0.00, γ=0.50)
🔀 融合决策: ComputeHost1 (α=0.50, β=0.00, γ=0.50)
🔀 融合决策: ComputeHost2 (α=0.50, β=0.00, γ=0.50)
   ✅ 完成: 26.94s
📊 实验结果已保存到 results/wrench_experiments

📈 实验结果分析:
============================================================
调度器             平均Makespan      标准差        最佳         实验次数    
------------------------------------------------------------
FIFO            7.29            2.60       3.25       12      
HEFT            7.19            2.60       3.66       12      
WASS-Heuristic  6.94            2.46       3.16       12      
WASS-DRL        34.44           14.66      14.00      12      
WASS-RAG        18.51           7.98       7.48       12      

🏆 最佳调度器: WASS-Heuristic (平均Makespan: 6.94s)

🎉 所有实验完成！共运行 60 次实验

🎉 所有实验完成!
