2025-09-05 10:30:30,517 - pipeline - INFO - 开始运行增强版pipeline, 配置文件: configs_example.yaml
2025-09-05 10:30:30,518 - pipeline - INFO - [Stage] data_loading 开始
2025-09-05 10:30:30,523 - pipeline - INFO - 数据加载完成: {'train_size': 100, 'valid_size': 20, 'test_size': 20}
2025-09-05 10:30:30,523 - pipeline - INFO - [Stage] data_loading 完成, 耗时: 0.01s
2025-09-05 10:30:30,524 - pipeline - INFO - [Stage] labeling 开始
2025-09-05 10:30:30,524 - pipeline - INFO - 标签矩阵构建完成: {'coverage': np.float64(0.405), 'abstain_rate': np.float64(0.595), 'conflict_rate': 0.0, 'lf_coverage': [np.float64(0.29), np.float64(0.52)], 'n_samples': 100, 'n_lfs': 2}
2025-09-05 10:30:30,524 - pipeline - INFO - [Stage] labeling 完成, 耗时: 0.00s
2025-09-05 10:30:30,525 - pipeline - INFO - [Stage] label_model 开始
2025-09-05 10:30:30,525 - pipeline - INFO - 标签模型训练完成: {'proba_shape': (100, 2), 'model_type': 'majority_vote'}
2025-09-05 10:30:30,525 - pipeline - INFO - [Stage] label_model 完成, 耗时: 0.00s
2025-09-05 10:30:30,526 - pipeline - INFO - [Stage] graph_gnn 开始
2025-09-05 10:30:30,526 - pipeline - INFO - 图构建和GNN训练完成: {'graph_nodes': 17, 'gnn_model': 'gcn'}
2025-09-05 10:30:30,526 - pipeline - INFO - [Stage] graph_gnn 完成, 耗时: 0.00s
2025-09-05 10:30:30,526 - pipeline - INFO - [Stage] rag 开始
2025-09-05 10:30:30,527 - pipeline - INFO - RAG处理完成: {'retrieved_count': 5, 'has_context': True, 'retriever_type': 'simple_bm25'}
2025-09-05 10:30:30,527 - pipeline - INFO - [Stage] rag 完成, 耗时: 0.00s
2025-09-05 10:30:30,527 - pipeline - INFO - [Stage] drl 开始
2025-09-05 10:30:30,527 - pipeline - INFO - DRL训练完成: {'total_reward': 2.4517649083806834, 'episodes': 3, 'policy_type': 'dqn'}
2025-09-05 10:30:30,527 - pipeline - INFO - [Stage] drl 完成, 耗时: 0.00s
2025-09-05 10:30:30,527 - pipeline - INFO - [Stage] evaluation 开始
2025-09-05 10:30:30,528 - pipeline - INFO - 评估完成: {'accuracy': 1.0, 'f1': 1.0, 'n_predictions': 100}
2025-09-05 10:30:30,528 - pipeline - INFO - [Stage] evaluation 完成, 耗时: 0.00s
2025-09-05 10:30:30,528 - pipeline - INFO - [Stage] save_results 开始
2025-09-05 10:30:30,534 - pipeline - INFO - 结果保存完成: results\demo_wass_pipeline\summary.json
2025-09-05 10:30:30,535 - pipeline - INFO - [Stage] save_results 完成, 耗时: 0.01s
2025-09-05 10:30:30,535 - pipeline - INFO - Pipeline运行完成
2025-09-05 10:31:54,670 - pipeline - INFO - 开始运行增强版pipeline, 配置文件: configs_example.yaml
2025-09-05 10:31:54,670 - pipeline - INFO - [Stage] data_loading 开始
2025-09-05 10:31:54,695 - pipeline - INFO - 数据加载完成: {'train_size': 200, 'valid_size': 50, 'test_size': 50}
2025-09-05 10:31:54,696 - pipeline - INFO - [Stage] data_loading 完成, 耗时: 0.03s
2025-09-05 10:31:54,696 - pipeline - INFO - [Stage] labeling 开始
2025-09-05 10:31:54,697 - pipeline - INFO - 标签矩阵构建完成: {'coverage': np.float64(0.4125), 'abstain_rate': np.float64(0.5875), 'conflict_rate': 0.0, 'lf_coverage': [np.float64(0.36), np.float64(0.465)], 'n_samples': 200, 'n_lfs': 2}
2025-09-05 10:31:54,697 - pipeline - INFO - [Stage] labeling 完成, 耗时: 0.00s
2025-09-05 10:31:54,698 - pipeline - INFO - [Stage] label_model 开始
2025-09-05 10:31:54,699 - pipeline - INFO - 标签模型训练完成: {'proba_shape': (200, 2), 'model_type': 'majority_vote'}
2025-09-05 10:31:54,699 - pipeline - INFO - [Stage] label_model 完成, 耗时: 0.00s
2025-09-05 10:31:54,699 - pipeline - INFO - [Stage] graph_gnn 开始
2025-09-05 10:31:54,701 - pipeline - INFO - 图构建和GNN训练完成: {'graph_nodes': 17, 'gnn_model': 'gcn'}
2025-09-05 10:31:54,701 - pipeline - INFO - [Stage] graph_gnn 完成, 耗时: 0.00s
2025-09-05 10:31:54,701 - pipeline - INFO - [Stage] rag 开始
2025-09-05 10:31:54,703 - pipeline - INFO - RAG处理完成: {'retrieved_count': 5, 'has_context': True, 'retriever_type': 'simple_bm25'}
2025-09-05 10:31:54,704 - pipeline - INFO - [Stage] rag 完成, 耗时: 0.00s
2025-09-05 10:31:54,704 - pipeline - INFO - [Stage] drl 开始
2025-09-05 10:31:54,704 - pipeline - INFO - DRL训练完成: {'total_reward': 1.6289089728104285, 'episodes': 3, 'policy_type': 'dqn'}
2025-09-05 10:31:54,704 - pipeline - INFO - [Stage] drl 完成, 耗时: 0.00s
2025-09-05 10:31:54,704 - pipeline - INFO - [Stage] evaluation 开始
2025-09-05 10:31:54,704 - pipeline - INFO - 评估完成: {'accuracy': 1.0, 'f1': 1.0, 'n_predictions': 200}
2025-09-05 10:31:54,705 - pipeline - INFO - [Stage] evaluation 完成, 耗时: 0.00s
2025-09-05 10:31:54,705 - pipeline - INFO - [Stage] save_results 开始
2025-09-05 10:31:54,713 - pipeline - INFO - 结果保存完成: results\demo_wass_pipeline\summary.json
2025-09-05 10:31:54,713 - pipeline - INFO - [Stage] save_results 完成, 耗时: 0.01s
2025-09-05 10:31:54,714 - pipeline - INFO - Pipeline运行完成
2025-09-05 10:31:54,724 - pipeline - INFO - 开始运行增强版pipeline, 配置文件: configs_wrench_demo.yaml
2025-09-05 10:31:54,724 - pipeline - INFO - [Stage] data_loading 开始
2025-09-05 10:31:54,729 - pipeline - INFO - 数据加载完成: {'train_size': 200, 'valid_size': 50, 'test_size': 50}
2025-09-05 10:31:54,729 - pipeline - INFO - [Stage] data_loading 完成, 耗时: 0.00s
2025-09-05 10:31:54,729 - pipeline - INFO - [Stage] labeling 开始
2025-09-05 10:31:54,732 - pipeline - INFO - 标签矩阵构建完成: {'coverage': np.float64(0.6083333333333333), 'abstain_rate': np.float64(0.3916666666666667), 'conflict_rate': 0.5636363636363636, 'lf_coverage': [np.float64(0.36), np.float64(0.465), np.float64(1.0)], 'n_samples': 200, 'n_lfs': 3}
2025-09-05 10:31:54,732 - pipeline - INFO - [Stage] labeling 完成, 耗时: 0.00s
2025-09-05 10:31:54,732 - pipeline - INFO - [Stage] label_model 开始
2025-09-05 10:31:54,734 - pipeline - INFO - 标签模型训练完成: {'proba_shape': (200, 2), 'model_type': 'wrench'}
2025-09-05 10:31:54,734 - pipeline - INFO - [Stage] label_model 完成, 耗时: 0.00s
2025-09-05 10:31:54,735 - pipeline - INFO - [Stage] graph_gnn 开始
2025-09-05 10:31:54,736 - pipeline - INFO - 图构建和GNN训练完成: {'graph_nodes': 17, 'gnn_model': 'gcn'}
2025-09-05 10:31:54,736 - pipeline - INFO - [Stage] graph_gnn 完成, 耗时: 0.00s
2025-09-05 10:31:54,736 - pipeline - INFO - [Stage] rag 开始
2025-09-05 10:31:54,737 - pipeline - INFO - RAG处理完成: {'retrieved_count': 5, 'has_context': True, 'retriever_type': 'simple_bm25'}
2025-09-05 10:31:54,738 - pipeline - INFO - [Stage] rag 完成, 耗时: 0.00s
2025-09-05 10:31:54,738 - pipeline - INFO - [Stage] drl 开始
2025-09-05 10:31:54,738 - pipeline - ERROR - [Stage] drl 失败, 耗时: 0.00s, 错误: Unknown env: active_learning
2025-09-05 10:33:27,555 - pipeline - INFO - 开始运行增强版pipeline, 配置文件: configs_example.yaml
2025-09-05 10:33:27,556 - pipeline - INFO - [Stage] data_loading 开始
2025-09-05 10:33:27,580 - pipeline - INFO - 数据加载完成: {'train_size': 200, 'valid_size': 50, 'test_size': 50}
2025-09-05 10:33:27,582 - pipeline - INFO - [Stage] data_loading 完成, 耗时: 0.03s
2025-09-05 10:33:27,582 - pipeline - INFO - [Stage] labeling 开始
2025-09-05 10:33:27,584 - pipeline - INFO - 标签矩阵构建完成: {'coverage': np.float64(0.4125), 'abstain_rate': np.float64(0.5875), 'conflict_rate': 0.0, 'lf_coverage': [np.float64(0.36), np.float64(0.465)], 'n_samples': 200, 'n_lfs': 2}
2025-09-05 10:33:27,584 - pipeline - INFO - [Stage] labeling 完成, 耗时: 0.00s
2025-09-05 10:33:27,585 - pipeline - INFO - [Stage] label_model 开始
2025-09-05 10:33:27,586 - pipeline - INFO - 标签模型训练完成: {'proba_shape': (200, 2), 'model_type': 'majority_vote'}
2025-09-05 10:33:27,586 - pipeline - INFO - [Stage] label_model 完成, 耗时: 0.00s
2025-09-05 10:33:27,587 - pipeline - INFO - [Stage] graph_gnn 开始
2025-09-05 10:33:27,588 - pipeline - INFO - 图构建和GNN训练完成: {'graph_nodes': 17, 'gnn_model': 'gcn'}
2025-09-05 10:33:27,589 - pipeline - INFO - [Stage] graph_gnn 完成, 耗时: 0.00s
2025-09-05 10:33:27,589 - pipeline - INFO - [Stage] rag 开始
2025-09-05 10:33:27,591 - pipeline - INFO - RAG处理完成: {'retrieved_count': 5, 'has_context': True, 'retriever_type': 'simple_bm25'}
2025-09-05 10:33:27,591 - pipeline - INFO - [Stage] rag 完成, 耗时: 0.00s
2025-09-05 10:33:27,591 - pipeline - INFO - [Stage] drl 开始
2025-09-05 10:33:27,592 - pipeline - INFO - DRL训练完成: {'total_reward': 1.4744722356182929, 'episodes': 3, 'policy_type': 'dqn'}
2025-09-05 10:33:27,592 - pipeline - INFO - [Stage] drl 完成, 耗时: 0.00s
2025-09-05 10:33:27,592 - pipeline - INFO - [Stage] evaluation 开始
2025-09-05 10:33:27,593 - pipeline - INFO - 评估完成: {'accuracy': 1.0, 'f1': 1.0, 'n_predictions': 200}
2025-09-05 10:33:27,593 - pipeline - INFO - [Stage] evaluation 完成, 耗时: 0.00s
2025-09-05 10:33:27,593 - pipeline - INFO - [Stage] save_results 开始
2025-09-05 10:33:27,599 - pipeline - INFO - 结果保存完成: results\demo_wass_pipeline\summary.json
2025-09-05 10:33:27,599 - pipeline - INFO - [Stage] save_results 完成, 耗时: 0.01s
2025-09-05 10:33:27,599 - pipeline - INFO - Pipeline运行完成
2025-09-05 10:33:27,608 - pipeline - INFO - 开始运行增强版pipeline, 配置文件: configs_wrench_demo.yaml
2025-09-05 10:33:27,609 - pipeline - INFO - [Stage] data_loading 开始
2025-09-05 10:33:27,612 - pipeline - INFO - 数据加载完成: {'train_size': 200, 'valid_size': 50, 'test_size': 50}
2025-09-05 10:33:27,612 - pipeline - INFO - [Stage] data_loading 完成, 耗时: 0.00s
2025-09-05 10:33:27,612 - pipeline - INFO - [Stage] labeling 开始
2025-09-05 10:33:27,615 - pipeline - INFO - 标签矩阵构建完成: {'coverage': np.float64(0.6083333333333333), 'abstain_rate': np.float64(0.3916666666666667), 'conflict_rate': 0.5636363636363636, 'lf_coverage': [np.float64(0.36), np.float64(0.465), np.float64(1.0)], 'n_samples': 200, 'n_lfs': 3}
2025-09-05 10:33:27,615 - pipeline - INFO - [Stage] labeling 完成, 耗时: 0.00s
2025-09-05 10:33:27,616 - pipeline - INFO - [Stage] label_model 开始
2025-09-05 10:33:27,618 - pipeline - INFO - 标签模型训练完成: {'proba_shape': (200, 2), 'model_type': 'wrench'}
2025-09-05 10:33:27,618 - pipeline - INFO - [Stage] label_model 完成, 耗时: 0.00s
2025-09-05 10:33:27,618 - pipeline - INFO - [Stage] graph_gnn 开始
2025-09-05 10:33:27,620 - pipeline - INFO - 图构建和GNN训练完成: {'graph_nodes': 17, 'gnn_model': 'gcn'}
2025-09-05 10:33:27,620 - pipeline - INFO - [Stage] graph_gnn 完成, 耗时: 0.00s
2025-09-05 10:33:27,620 - pipeline - INFO - [Stage] rag 开始
2025-09-05 10:33:27,621 - pipeline - INFO - RAG处理完成: {'retrieved_count': 5, 'has_context': True, 'retriever_type': 'simple_bm25'}
2025-09-05 10:33:27,621 - pipeline - INFO - [Stage] rag 完成, 耗时: 0.00s
2025-09-05 10:33:27,621 - pipeline - INFO - [Stage] drl 开始
2025-09-05 10:33:27,622 - pipeline - INFO - DRL训练完成: {'total_reward': 1.9906509435085127, 'episodes': 5, 'policy_type': 'dqn'}
2025-09-05 10:33:27,622 - pipeline - INFO - [Stage] drl 完成, 耗时: 0.00s
2025-09-05 10:33:27,622 - pipeline - INFO - [Stage] evaluation 开始
2025-09-05 10:33:27,622 - pipeline - INFO - 评估完成: {'accuracy': 1.0, 'f1': 0.0, 'n_predictions': 200}
2025-09-05 10:33:27,622 - pipeline - INFO - [Stage] evaluation 完成, 耗时: 0.00s
2025-09-05 10:33:27,623 - pipeline - INFO - [Stage] save_results 开始
2025-09-05 10:33:27,636 - pipeline - INFO - 结果保存完成: results\demo_wrench_test\summary.json
2025-09-05 10:33:27,636 - pipeline - INFO - [Stage] save_results 完成, 耗时: 0.01s
2025-09-05 10:33:27,636 - pipeline - INFO - Pipeline运行完成
2025-09-05 10:53:13,168 - pipeline - INFO - 开始运行增强版pipeline, 配置文件: configs_example.yaml
2025-09-05 10:53:13,169 - pipeline - INFO - [Stage] data_loading 开始
2025-09-05 10:53:13,185 - pipeline - INFO - 数据加载完成: {'train_size': 200, 'valid_size': 50, 'test_size': 50}
2025-09-05 10:53:13,186 - pipeline - INFO - [Stage] data_loading 完成, 耗时: 0.02s
2025-09-05 10:53:13,186 - pipeline - INFO - [Stage] labeling 开始
2025-09-05 10:53:13,188 - pipeline - INFO - 标签矩阵构建完成: {'coverage': np.float64(0.4125), 'abstain_rate': np.float64(0.5875), 'conflict_rate': 0.0, 'lf_coverage': [np.float64(0.36), np.float64(0.465)], 'n_samples': 200, 'n_lfs': 2}
2025-09-05 10:53:13,188 - pipeline - INFO - [Stage] labeling 完成, 耗时: 0.00s
2025-09-05 10:53:13,188 - pipeline - INFO - [Stage] label_model 开始
2025-09-05 10:53:13,189 - pipeline - INFO - 标签模型训练完成: {'proba_shape': (200, 2), 'model_type': 'majority_vote'}
2025-09-05 10:53:13,189 - pipeline - INFO - [Stage] label_model 完成, 耗时: 0.00s
2025-09-05 10:53:13,189 - pipeline - INFO - [Stage] graph_gnn 开始
2025-09-05 10:53:13,190 - pipeline - INFO - 图构建和GNN训练完成: {'graph_nodes': 17, 'gnn_model': 'gcn'}
2025-09-05 10:53:13,190 - pipeline - INFO - [Stage] graph_gnn 完成, 耗时: 0.00s
2025-09-05 10:53:13,190 - pipeline - INFO - [Stage] rag 开始
2025-09-05 10:53:13,191 - pipeline - INFO - RAG处理完成: {'retrieved_count': 5, 'has_context': True, 'retriever_type': 'simple_bm25'}
2025-09-05 10:53:13,191 - pipeline - INFO - [Stage] rag 完成, 耗时: 0.00s
2025-09-05 10:53:13,191 - pipeline - INFO - [Stage] drl 开始
2025-09-05 10:53:13,192 - pipeline - INFO - DRL训练完成: {'total_reward': 1.5075034685792779, 'episodes': 3, 'policy_type': 'dqn'}
2025-09-05 10:53:13,192 - pipeline - INFO - [Stage] drl 完成, 耗时: 0.00s
2025-09-05 10:53:13,192 - pipeline - INFO - [Stage] evaluation 开始
2025-09-05 10:53:13,192 - pipeline - INFO - 评估完成: {'accuracy': 1.0, 'f1': 1.0, 'n_predictions': 200}
2025-09-05 10:53:13,192 - pipeline - INFO - [Stage] evaluation 完成, 耗时: 0.00s
2025-09-05 10:53:13,192 - pipeline - INFO - [Stage] save_results 开始
2025-09-05 10:53:13,197 - pipeline - INFO - 结果保存完成: results\demo_wass_pipeline\summary.json
2025-09-05 10:53:13,197 - pipeline - INFO - [Stage] save_results 完成, 耗时: 0.00s
2025-09-05 10:53:13,197 - pipeline - INFO - Pipeline运行完成
2025-09-05 10:53:13,206 - pipeline - INFO - 开始运行增强版pipeline, 配置文件: configs_wrench_demo.yaml
2025-09-05 10:53:13,206 - pipeline - INFO - [Stage] data_loading 开始
2025-09-05 10:53:13,209 - pipeline - INFO - 数据加载完成: {'train_size': 200, 'valid_size': 50, 'test_size': 50}
2025-09-05 10:53:13,209 - pipeline - INFO - [Stage] data_loading 完成, 耗时: 0.00s
2025-09-05 10:53:13,209 - pipeline - INFO - [Stage] labeling 开始
2025-09-05 10:53:13,238 - pipeline - INFO - 标签矩阵构建完成: {'coverage': np.float64(0.6083333333333333), 'abstain_rate': np.float64(0.3916666666666667), 'conflict_rate': 0.5636363636363636, 'lf_coverage': [np.float64(0.36), np.float64(0.465), np.float64(1.0)], 'n_samples': 200, 'n_lfs': 3}
2025-09-05 10:53:13,238 - pipeline - INFO - [Stage] labeling 完成, 耗时: 0.03s
2025-09-05 10:53:13,238 - pipeline - INFO - [Stage] label_model 开始
2025-09-05 10:53:13,240 - pipeline - INFO - 标签模型训练完成: {'proba_shape': (200, 2), 'model_type': 'wrench'}
2025-09-05 10:53:13,240 - pipeline - INFO - [Stage] label_model 完成, 耗时: 0.00s
2025-09-05 10:53:13,240 - pipeline - INFO - [Stage] graph_gnn 开始
2025-09-05 10:53:13,241 - pipeline - INFO - 图构建和GNN训练完成: {'graph_nodes': 17, 'gnn_model': 'gcn'}
2025-09-05 10:53:13,241 - pipeline - INFO - [Stage] graph_gnn 完成, 耗时: 0.00s
2025-09-05 10:53:13,241 - pipeline - INFO - [Stage] rag 开始
2025-09-05 10:53:13,242 - pipeline - INFO - RAG处理完成: {'retrieved_count': 5, 'has_context': True, 'retriever_type': 'simple_bm25'}
2025-09-05 10:53:13,242 - pipeline - INFO - [Stage] rag 完成, 耗时: 0.00s
2025-09-05 10:53:13,243 - pipeline - INFO - [Stage] drl 开始
2025-09-05 10:53:13,243 - pipeline - INFO - DRL训练完成: {'total_reward': 3.5772258913635873, 'episodes': 5, 'policy_type': 'dqn'}
2025-09-05 10:53:13,243 - pipeline - INFO - [Stage] drl 完成, 耗时: 0.00s
2025-09-05 10:53:13,243 - pipeline - INFO - [Stage] evaluation 开始
2025-09-05 10:53:13,243 - pipeline - INFO - 评估完成: {'accuracy': 1.0, 'f1': 0.0, 'n_predictions': 200}
2025-09-05 10:53:13,243 - pipeline - INFO - [Stage] evaluation 完成, 耗时: 0.00s
2025-09-05 10:53:13,244 - pipeline - INFO - [Stage] save_results 开始
2025-09-05 10:53:13,251 - pipeline - INFO - 结果保存完成: results\demo_wrench_test\summary.json
2025-09-05 10:53:13,251 - pipeline - INFO - [Stage] save_results 完成, 耗时: 0.01s
2025-09-05 10:53:13,251 - pipeline - INFO - Pipeline运行完成
