🔧 Retraining Performance Predictor with Improved Data
============================================================
🔧 Generating 5000 improved training samples...
📊 Single task execution time distribution:
   Mean: 4.44s
   Std:  3.36s
   Min:  1.00s
   Max:  28.08s
   Median: 3.58s
🚀 Training improved performance predictor...
   Training samples: 40409
   Epochs: 200
   Batch size: 64
   Device: cuda
📈 Training data statistics:
   Original y: mean=4.44, std=3.36
   Normalized y: mean=-0.000000, std=1.000000
   Normalized range: [-1.024, 7.046]
   Epoch   0: Loss = 0.304977
   Epoch  20: Loss = 0.053333
   Epoch  40: Loss = 0.043051
   Epoch  60: Loss = 0.037785
   Epoch  80: Loss = 0.034510
   Epoch 100: Loss = 0.033437
   Epoch 120: Loss = 0.031492
   Epoch 140: Loss = 0.029618
   Epoch 160: Loss = 0.029741
   Epoch 180: Loss = 0.030363

✅ Training completed!
   Final Loss: 0.023521
   MSE: 0.20
   MAE: 0.35
   R²: 0.9825
   Prediction std: 3.21
   Prediction range: 25.04

🔄 Regenerating knowledge base with 40409 cases...
Initialized empty knowledge base
✅ Knowledge base regenerated with 40409 cases

💾 Saving retrained model to models/wass_models.pth...
   Creating new checkpoint
   Added default PolicyNetwork
   Added default GraphEncoder

💾 Saving regenerated knowledge base to data/knowledge_base.pkl...
Saved knowledge base with 40409 cases to data/knowledge_base.pkl
✅ Model and knowledge base retrained and saved successfully!
   New normalization: mean=4.44, std=3.36
   Performance metrics: R²=0.9825, MSE=0.20
   Knowledge base cases: 40409

🎉 Ready for testing! Run: python experiments/real_experiment_framework.py
