2025-09-05 10:53:24,300 - pipeline - INFO - 开始运行增强版pipeline, 配置文件: temp_lf_keyword_only.yaml
2025-09-05 10:53:24,300 - pipeline - INFO - [Stage] data_loading 开始
2025-09-05 10:53:24,305 - pipeline - INFO - 数据加载完成: {'train_size': 200, 'valid_size': 50, 'test_size': 50}
2025-09-05 10:53:24,306 - pipeline - INFO - [Stage] data_loading 完成, 耗时: 0.01s
2025-09-05 10:53:24,306 - pipeline - INFO - [Stage] labeling 开始
2025-09-05 10:53:24,307 - pipeline - INFO - 标签矩阵构建完成: {'coverage': np.float64(0.4125), 'abstain_rate': np.float64(0.5875), 'conflict_rate': 0.0, 'lf_coverage': [np.float64(0.36), np.float64(0.465)], 'n_samples': 200, 'n_lfs': 2}
2025-09-05 10:53:24,307 - pipeline - INFO - [Stage] labeling 完成, 耗时: 0.00s
2025-09-05 10:53:24,307 - pipeline - INFO - [Stage] label_model 开始
2025-09-05 10:53:24,309 - pipeline - INFO - 标签模型训练完成: {'proba_shape': (200, 2), 'model_type': 'majority_vote'}
2025-09-05 10:53:24,309 - pipeline - INFO - [Stage] label_model 完成, 耗时: 0.00s
2025-09-05 10:53:24,309 - pipeline - INFO - [Stage] graph_gnn 开始
2025-09-05 10:53:24,310 - pipeline - INFO - 图构建和GNN训练完成: {'graph_nodes': 17, 'gnn_model': 'gcn'}
2025-09-05 10:53:24,310 - pipeline - INFO - [Stage] graph_gnn 完成, 耗时: 0.00s
2025-09-05 10:53:24,310 - pipeline - INFO - [Stage] rag 开始
2025-09-05 10:53:24,311 - pipeline - INFO - RAG处理完成: {'retrieved_count': 5, 'has_context': True, 'retriever_type': 'simple_bm25'}
2025-09-05 10:53:24,312 - pipeline - INFO - [Stage] rag 完成, 耗时: 0.00s
2025-09-05 10:53:24,312 - pipeline - INFO - [Stage] drl 开始
2025-09-05 10:53:24,312 - pipeline - INFO - DRL训练完成: {'total_reward': 1.2729238322621659, 'episodes': 3, 'policy_type': 'dqn'}
2025-09-05 10:53:24,312 - pipeline - INFO - [Stage] drl 完成, 耗时: 0.00s
2025-09-05 10:53:24,312 - pipeline - INFO - [Stage] evaluation 开始
2025-09-05 10:53:24,313 - pipeline - INFO - 评估完成: {'accuracy': 1.0, 'f1': 1.0, 'n_predictions': 200}
2025-09-05 10:53:24,313 - pipeline - INFO - [Stage] evaluation 完成, 耗时: 0.00s
2025-09-05 10:53:24,313 - pipeline - INFO - [Stage] save_results 开始
2025-09-05 10:53:24,320 - pipeline - INFO - 结果保存完成: results\lf_experiments\lf_keyword_only\summary.json
2025-09-05 10:53:24,320 - pipeline - INFO - [Stage] save_results 完成, 耗时: 0.01s
2025-09-05 10:53:24,320 - pipeline - INFO - Pipeline运行完成
2025-09-05 10:53:24,332 - pipeline - INFO - 开始运行增强版pipeline, 配置文件: temp_lf_keyword_regex.yaml
2025-09-05 10:53:24,332 - pipeline - INFO - [Stage] data_loading 开始
2025-09-05 10:53:24,334 - pipeline - INFO - 数据加载完成: {'train_size': 200, 'valid_size': 50, 'test_size': 50}
2025-09-05 10:53:24,335 - pipeline - INFO - [Stage] data_loading 完成, 耗时: 0.00s
2025-09-05 10:53:24,335 - pipeline - INFO - [Stage] labeling 开始
2025-09-05 10:53:24,337 - pipeline - INFO - 标签矩阵构建完成: {'coverage': np.float64(0.2275), 'abstain_rate': np.float64(0.7725), 'conflict_rate': 0.0, 'lf_coverage': [np.float64(0.4), np.float64(0.51), np.float64(0.0), np.float64(0.0)], 'n_samples': 200, 'n_lfs': 4}
2025-09-05 10:53:24,337 - pipeline - INFO - [Stage] labeling 完成, 耗时: 0.00s
2025-09-05 10:53:24,337 - pipeline - INFO - [Stage] label_model 开始
2025-09-05 10:53:24,339 - pipeline - INFO - 标签模型训练完成: {'proba_shape': (200, 2), 'model_type': 'majority_vote'}
2025-09-05 10:53:24,339 - pipeline - INFO - [Stage] label_model 完成, 耗时: 0.00s
2025-09-05 10:53:24,339 - pipeline - INFO - [Stage] graph_gnn 开始
2025-09-05 10:53:24,340 - pipeline - INFO - 图构建和GNN训练完成: {'graph_nodes': 17, 'gnn_model': 'gcn'}
2025-09-05 10:53:24,340 - pipeline - INFO - [Stage] graph_gnn 完成, 耗时: 0.00s
2025-09-05 10:53:24,340 - pipeline - INFO - [Stage] rag 开始
2025-09-05 10:53:24,341 - pipeline - INFO - RAG处理完成: {'retrieved_count': 5, 'has_context': True, 'retriever_type': 'simple_bm25'}
2025-09-05 10:53:24,342 - pipeline - INFO - [Stage] rag 完成, 耗时: 0.00s
2025-09-05 10:53:24,342 - pipeline - INFO - [Stage] drl 开始
2025-09-05 10:53:24,342 - pipeline - INFO - DRL训练完成: {'total_reward': 1.9198228236523798, 'episodes': 3, 'policy_type': 'dqn'}
2025-09-05 10:53:24,342 - pipeline - INFO - [Stage] drl 完成, 耗时: 0.00s
2025-09-05 10:53:24,342 - pipeline - INFO - [Stage] evaluation 开始
2025-09-05 10:53:24,342 - pipeline - INFO - 评估完成: {'accuracy': 1.0, 'f1': 1.0, 'n_predictions': 200}
2025-09-05 10:53:24,343 - pipeline - INFO - [Stage] evaluation 完成, 耗时: 0.00s
2025-09-05 10:53:24,343 - pipeline - INFO - [Stage] save_results 开始
2025-09-05 10:53:24,352 - pipeline - INFO - 结果保存完成: results\lf_experiments\lf_keyword_regex\summary.json
2025-09-05 10:53:24,353 - pipeline - INFO - [Stage] save_results 完成, 耗时: 0.01s
2025-09-05 10:53:24,353 - pipeline - INFO - Pipeline运行完成
2025-09-05 10:53:24,365 - pipeline - INFO - 开始运行增强版pipeline, 配置文件: temp_lf_full_featured.yaml
2025-09-05 10:53:24,365 - pipeline - INFO - [Stage] data_loading 开始
2025-09-05 10:53:24,367 - pipeline - INFO - 数据加载完成: {'train_size': 200, 'valid_size': 50, 'test_size': 50}
2025-09-05 10:53:24,367 - pipeline - INFO - [Stage] data_loading 完成, 耗时: 0.00s
2025-09-05 10:53:24,368 - pipeline - INFO - [Stage] labeling 开始
2025-09-05 10:53:24,369 - pipeline - INFO - 标签矩阵构建完成: {'coverage': np.float64(0.15166666666666667), 'abstain_rate': np.float64(0.8483333333333334), 'conflict_rate': 0.0, 'lf_coverage': [np.float64(0.4), np.float64(0.51), np.float64(0.0), np.float64(0.0), np.float64(0.0), np.float64(0.0)], 'n_samples': 200, 'n_lfs': 6}
2025-09-05 10:53:24,370 - pipeline - INFO - [Stage] labeling 完成, 耗时: 0.00s
2025-09-05 10:53:24,370 - pipeline - INFO - [Stage] label_model 开始
2025-09-05 10:53:24,371 - pipeline - INFO - 标签模型训练完成: {'proba_shape': (200, 2), 'model_type': 'majority_vote'}
2025-09-05 10:53:24,371 - pipeline - INFO - [Stage] label_model 完成, 耗时: 0.00s
2025-09-05 10:53:24,371 - pipeline - INFO - [Stage] graph_gnn 开始
2025-09-05 10:53:24,372 - pipeline - INFO - 图构建和GNN训练完成: {'graph_nodes': 17, 'gnn_model': 'gcn'}
2025-09-05 10:53:24,372 - pipeline - INFO - [Stage] graph_gnn 完成, 耗时: 0.00s
2025-09-05 10:53:24,372 - pipeline - INFO - [Stage] rag 开始
2025-09-05 10:53:24,374 - pipeline - INFO - RAG处理完成: {'retrieved_count': 5, 'has_context': True, 'retriever_type': 'simple_bm25'}
2025-09-05 10:53:24,374 - pipeline - INFO - [Stage] rag 完成, 耗时: 0.00s
2025-09-05 10:53:24,374 - pipeline - INFO - [Stage] drl 开始
2025-09-05 10:53:24,374 - pipeline - INFO - DRL训练完成: {'total_reward': 1.4767667239987774, 'episodes': 3, 'policy_type': 'dqn'}
2025-09-05 10:53:24,374 - pipeline - INFO - [Stage] drl 完成, 耗时: 0.00s
2025-09-05 10:53:24,374 - pipeline - INFO - [Stage] evaluation 开始
2025-09-05 10:53:24,375 - pipeline - INFO - 评估完成: {'accuracy': 1.0, 'f1': 1.0, 'n_predictions': 200}
2025-09-05 10:53:24,375 - pipeline - INFO - [Stage] evaluation 完成, 耗时: 0.00s
2025-09-05 10:53:24,375 - pipeline - INFO - [Stage] save_results 开始
2025-09-05 10:53:24,384 - pipeline - INFO - 结果保存完成: results\lf_experiments\lf_full_featured\summary.json
2025-09-05 10:53:24,385 - pipeline - INFO - [Stage] save_results 完成, 耗时: 0.01s
2025-09-05 10:53:24,385 - pipeline - INFO - Pipeline运行完成
2025-09-05 10:53:24,396 - pipeline - INFO - 开始运行增强版pipeline, 配置文件: temp_lf_precise_keywords.yaml
2025-09-05 10:53:24,396 - pipeline - INFO - [Stage] data_loading 开始
2025-09-05 10:53:24,398 - pipeline - INFO - 数据加载完成: {'train_size': 200, 'valid_size': 50, 'test_size': 50}
2025-09-05 10:53:24,399 - pipeline - INFO - [Stage] data_loading 完成, 耗时: 0.00s
2025-09-05 10:53:24,399 - pipeline - INFO - [Stage] labeling 开始
2025-09-05 10:53:24,399 - pipeline - INFO - 标签矩阵构建完成: {'coverage': np.float64(0.2225), 'abstain_rate': np.float64(0.7775), 'conflict_rate': 0.0, 'lf_coverage': [np.float64(0.225), np.float64(0.22)], 'n_samples': 200, 'n_lfs': 2}
2025-09-05 10:53:24,400 - pipeline - INFO - [Stage] labeling 完成, 耗时: 0.00s
2025-09-05 10:53:24,400 - pipeline - INFO - [Stage] label_model 开始
2025-09-05 10:53:24,401 - pipeline - INFO - 标签模型训练完成: {'proba_shape': (200, 2), 'model_type': 'majority_vote'}
2025-09-05 10:53:24,401 - pipeline - INFO - [Stage] label_model 完成, 耗时: 0.00s
2025-09-05 10:53:24,401 - pipeline - INFO - [Stage] graph_gnn 开始
2025-09-05 10:53:24,403 - pipeline - INFO - 图构建和GNN训练完成: {'graph_nodes': 17, 'gnn_model': 'gcn'}
2025-09-05 10:53:24,403 - pipeline - INFO - [Stage] graph_gnn 完成, 耗时: 0.00s
2025-09-05 10:53:24,403 - pipeline - INFO - [Stage] rag 开始
2025-09-05 10:53:24,404 - pipeline - INFO - RAG处理完成: {'retrieved_count': 5, 'has_context': True, 'retriever_type': 'simple_bm25'}
2025-09-05 10:53:24,404 - pipeline - INFO - [Stage] rag 完成, 耗时: 0.00s
2025-09-05 10:53:24,404 - pipeline - INFO - [Stage] drl 开始
2025-09-05 10:53:24,405 - pipeline - INFO - DRL训练完成: {'total_reward': 2.2869107566895317, 'episodes': 3, 'policy_type': 'dqn'}
2025-09-05 10:53:24,405 - pipeline - INFO - [Stage] drl 完成, 耗时: 0.00s
2025-09-05 10:53:24,405 - pipeline - INFO - [Stage] evaluation 开始
2025-09-05 10:53:24,405 - pipeline - INFO - 评估完成: {'accuracy': 1.0, 'f1': 1.0, 'n_predictions': 200}
2025-09-05 10:53:24,406 - pipeline - INFO - [Stage] evaluation 完成, 耗时: 0.00s
2025-09-05 10:53:24,406 - pipeline - INFO - [Stage] save_results 开始
2025-09-05 10:53:24,414 - pipeline - INFO - 结果保存完成: results\lf_experiments\lf_precise_keywords\summary.json
2025-09-05 10:53:24,415 - pipeline - INFO - [Stage] save_results 完成, 耗时: 0.01s
2025-09-05 10:53:24,415 - pipeline - INFO - Pipeline运行完成
